0 info it worked if it ends with ok
1 verbose cli [ 'C:\\Brandon\\Programs\\Nodejs\\node.exe',
1 verbose cli   'C:\\Brandon\\Programs\\Nodejs\\node_modules\\npm\\bin\\npm-cli.js',
1 verbose cli   'version',
1 verbose cli   'prerelease',
1 verbose cli   '-m',
1 verbose cli   'Fixed directory layout for npm' ]
2 info using npm@2.14.2
3 info using node@v4.0.0
4 info git [ 'status', '--porcelain' ]
5 verbose stack Error: Git working directory not clean.
5 verbose stack M .gitignore
5 verbose stack D src/elm-package.json
5 verbose stack D src/package.json
5 verbose stack M src/pages/teaching.elm
5 verbose stack M src/shared/TopBar.elm
5 verbose stack D src/website.sublime-project
5 verbose stack D src/website.sublime-workspace
5 verbose stack     at C:\Brandon\Programs\Nodejs\node_modules\npm\lib\version.js:171:21
5 verbose stack     at ChildProcess.exithandler (child_process.js:194:7)
5 verbose stack     at emitTwo (events.js:87:13)
5 verbose stack     at ChildProcess.emit (events.js:172:7)
5 verbose stack     at maybeClose (internal/child_process.js:817:16)
5 verbose stack     at Socket.<anonymous> (internal/child_process.js:319:11)
5 verbose stack     at emitOne (events.js:77:13)
5 verbose stack     at Socket.emit (events.js:169:7)
5 verbose stack     at Pipe._onclose (net.js:469:12)
6 verbose cwd C:\Brandon\GitHub\website
7 error Windows_NT 6.1.7601
8 error argv "C:\\Brandon\\Programs\\Nodejs\\node.exe" "C:\\Brandon\\Programs\\Nodejs\\node_modules\\npm\\bin\\npm-cli.js" "version" "prerelease" "-m" "Fixed directory layout for npm"
9 error node v4.0.0
10 error npm  v2.14.2
11 error Git working directory not clean.
11 error M .gitignore
11 error D src/elm-package.json
11 error D src/package.json
11 error M src/pages/teaching.elm
11 error M src/shared/TopBar.elm
11 error D src/website.sublime-project
11 error D src/website.sublime-workspace
12 error If you need help, you may report this error at:
12 error     <https://github.com/npm/npm/issues>
13 verbose exit [ 1, true ]
